Arguments: 
  C:\Program Files\nodejs\node.exe C:\Users\analia.zunino\AppData\Roaming\npm\node_modules\yarn\bin\yarn.js add react-router-dom@6

PATH: 
  C:\Python311\Scripts\;C:\Python311\;C:\Program Files\Microsoft MPI\Bin\;C:\windows\system32;C:\windows;C:\windows\System32\Wbem;C:\windows\System32\WindowsPowerShell\v1.0\;C:\windows\System32\OpenSSH\;C:\Program Files (x86)\Common Files\Pulse Secure\VC142.CRT\X64\;C:\Program Files (x86)\Common Files\Pulse Secure\VC142.CRT\X86\;C:\Program Files (x86)\Pulse Secure\VC142.CRT\X64\;C:\Program Files (x86)\Pulse Secure\VC142.CRT\X86\;C:\Program Files (x86)\Common Files\Pulse Secure\TNC Client Plugin\;C:\Program Files\Microsoft SQL Server\150\Tools\Binn\;C:\Program Files\Microsoft SQL Server\Client SDK\ODBC\170\Tools\Binn\;C:\Program Files\dotnet\;C:\ProgramData\chocolatey\bin;C:\Users\analia.zunino\AppData\Roaming\nvm;C:\Program Files\nodejs;C:\Program Files (x86)\Microsoft SQL Server\150\Tools\Binn\;C:\Program Files\Microsoft SQL Server\150\DTS\Binn\;C:\Program Files (x86)\Microsoft SQL Server\150\DTS\Binn\;C:\Program Files\Azure Data Studio\bin;C:\Program Files\nodejs\;C:\Program Files\Git\cmd;C:\Users\analia.zunino\AppData\Local\Microsoft\WindowsApps;C:\Users\analia.zunino\AppData\Local\Programs\Microsoft VS Code\bin;C:\Users\analia.zunino\.dotnet\tools;C:\Users\analia.zunino\AppData\Local\Programs\Git\cmd;C:\Users\analia.zunino\AppData\Roaming\nvm;C:\Program Files\nodejs;C:\Program Files\Azure Data Studio\bin;C:\Users\analia.zunino\AppData\Roaming\npm

Yarn version: 
  1.22.19

Node version: 
  18.15.0

Platform: 
  win32 x64

Trace: 
  Error: UNKNOWN: unknown error, lstat 'C:\Users\analia.zunino\OneDrive - Accenture\Documents\Any\React-Cero a experto\node_modules\update-browserslist-db'

npm manifest: 
  {
    "dependencies": {
      "prop-types": "^15.8.1"
    },
    "devDependencies": {
      "@babel/preset-env": "^7.21.4",
      "@babel/preset-react": "^7.18.6",
      "@testing-library/react": "^14.0.0",
      "@types/jest": "^29.5.0",
      "babel-jest": "^29.5.0",
      "jest": "^29.5.0",
      "jest-environment-jsdom": "^29.5.0",
      "whatwg-fetch": "^3.6.2"
    }
  }

yarn manifest: 
  No manifest

Lockfile: 
  No lockfile
